0 info it worked if it ends with ok
1 verbose cli [ 'node', '/usr/bin/npm', 'install', 'boostrap' ]
2 info using npm@1.3.6
3 info using node@v0.10.36
4 verbose cache add [ 'boostrap', null ]
5 verbose cache add name=undefined spec="boostrap" args=["boostrap",null]
6 verbose parsed url { protocol: null,
6 verbose parsed url   slashes: null,
6 verbose parsed url   auth: null,
6 verbose parsed url   host: null,
6 verbose parsed url   port: null,
6 verbose parsed url   hostname: null,
6 verbose parsed url   hash: null,
6 verbose parsed url   search: null,
6 verbose parsed url   query: null,
6 verbose parsed url   pathname: 'boostrap',
6 verbose parsed url   path: 'boostrap',
6 verbose parsed url   href: 'boostrap' }
7 silly lockFile 6781790b-boostrap boostrap
8 verbose lock boostrap /root/.npm/6781790b-boostrap.lock
9 silly lockFile 6781790b-boostrap boostrap
10 silly lockFile 6781790b-boostrap boostrap
11 verbose addNamed [ 'boostrap', '' ]
12 verbose addNamed [ null, '*' ]
13 silly lockFile 083cec0e-boostrap boostrap@
14 verbose lock boostrap@ /root/.npm/083cec0e-boostrap.lock
15 silly addNameRange { name: 'boostrap', range: '*', hasData: false }
16 verbose url raw boostrap
17 verbose url resolving [ 'https://registry.npmjs.org/', './boostrap' ]
18 verbose url resolved https://registry.npmjs.org/boostrap
19 info trying registry request attempt 1 at 19:57:40
20 http GET https://registry.npmjs.org/boostrap
21 http 404 https://registry.npmjs.org/boostrap
22 silly registry.get cb [ 404,
22 silly registry.get   { 'content-type': 'application/json',
22 silly registry.get     'cache-control': 'max-age=0',
22 silly registry.get     'content-length': '2',
22 silly registry.get     'accept-ranges': 'bytes',
22 silly registry.get     date: 'Sun, 23 Aug 2015 00:57:40 GMT',
22 silly registry.get     via: '1.1 varnish',
22 silly registry.get     age: '0',
22 silly registry.get     connection: 'keep-alive',
22 silly registry.get     'x-served-by': 'cache-ord1720-ORD',
22 silly registry.get     'x-cache': 'MISS',
22 silly registry.get     'x-cache-hits': '0',
22 silly registry.get     'x-timer': 'S1440291460.639676,VS0,VE230' } ]
23 silly addNameRange number 2 { name: 'boostrap', range: '*', hasData: true }
24 silly addNameRange versions [ undefined, [] ]
25 error TypeError: Cannot read property 'latest' of undefined
25 error     at next (/usr/lib/node_modules/npm/lib/cache.js:687:35)
25 error     at /usr/lib/node_modules/npm/lib/cache.js:675:5
25 error     at saved (/usr/lib/node_modules/npm-registry-client/lib/get.js:148:7)
25 error     at /usr/lib/node_modules/graceful-fs/polyfills.js:133:7
25 error     at Object.oncomplete (fs.js:108:15)
26 error If you need help, you may report this log at:
26 error     <http://github.com/isaacs/npm/issues>
26 error or email it to:
26 error     <npm-@googlegroups.com>
27 error System Linux 2.6.32-504.8.1.el6.x86_64
28 error command "node" "/usr/bin/npm" "install" "boostrap"
29 error cwd /home/john/bootstrap-3.3.5-dist
30 error node -v v0.10.36
31 error npm -v 1.3.6
32 error type non_object_property_load
33 verbose exit [ 1, true ]
